2023-12-11 21:25:32.732  INFO 7872 --- [main] com.example.demo.SareetaApplication      : Starting SareetaApplication on DESKTOP-UILR7QG with PID 7872 (D:\Workspace\Java\udacity\Project4_Git\starter_code\target\classes started by hungl in D:\Workspace\Java\udacity\Project4_Git\starter_code)
2023-12-11 21:25:32.736  INFO 7872 --- [main] com.example.demo.SareetaApplication      : No active profile set, falling back to default profiles: default
2023-12-11 21:25:33.278  INFO 7872 --- [main] .s.d.r.c.RepositoryConfigurationDelegate : Bootstrapping Spring Data JPA repositories in DEFAULT mode.
2023-12-11 21:25:33.360  INFO 7872 --- [main] .s.d.r.c.RepositoryConfigurationDelegate : Finished Spring Data repository scanning in 70ms. Found 4 JPA repository interfaces.
2023-12-11 21:25:33.994  INFO 7872 --- [main] o.s.b.w.embedded.tomcat.TomcatWebServer  : Tomcat initialized with port(s): 8080 (http)
2023-12-11 21:25:34.002  INFO 7872 --- [main] o.apache.catalina.core.StandardService   : Starting service [Tomcat]
2023-12-11 21:25:34.003  INFO 7872 --- [main] org.apache.catalina.core.StandardEngine  : Starting Servlet engine: [Apache Tomcat/9.0.37]
2023-12-11 21:25:34.077  INFO 7872 --- [main] o.a.c.c.C.[Tomcat].[localhost].[/]       : Initializing Spring embedded WebApplicationContext
2023-12-11 21:25:34.078  INFO 7872 --- [main] w.s.c.ServletWebServerApplicationContext : Root WebApplicationContext: initialization completed in 1294 ms
2023-12-11 21:25:34.298  INFO 7872 --- [main] o.hibernate.jpa.internal.util.LogHelper  : HHH000204: Processing PersistenceUnitInfo [name: default]
2023-12-11 21:25:34.363  INFO 7872 --- [main] org.hibernate.Version                    : HHH000412: Hibernate ORM core version 5.4.18.Final
2023-12-11 21:25:34.580  INFO 7872 --- [main] o.hibernate.annotations.common.Version   : HCANN000001: Hibernate Commons Annotations {5.1.0.Final}
2023-12-11 21:25:34.699  INFO 7872 --- [main] com.zaxxer.hikari.HikariDataSource       : HikariPool-1 - Starting...
2023-12-11 21:25:34.881  INFO 7872 --- [main] com.zaxxer.hikari.HikariDataSource       : HikariPool-1 - Start completed.
2023-12-11 21:25:34.901  INFO 7872 --- [main] org.hibernate.dialect.Dialect            : HHH000400: Using dialect: org.hibernate.dialect.H2Dialect
2023-12-11 21:25:35.550  INFO 7872 --- [main] o.h.e.t.j.p.i.JtaPlatformInitiator       : HHH000490: Using JtaPlatform implementation: [org.hibernate.engine.transaction.jta.platform.internal.NoJtaPlatform]
2023-12-11 21:25:35.554  INFO 7872 --- [main] j.LocalContainerEntityManagerFactoryBean : Initialized JPA EntityManagerFactory for persistence unit 'default'
2023-12-11 21:25:35.839  WARN 7872 --- [main] JpaBaseConfiguration$JpaWebConfiguration : spring.jpa.open-in-view is enabled by default. Therefore, database queries may be performed during view rendering. Explicitly configure spring.jpa.open-in-view to disable this warning
2023-12-11 21:25:36.236  INFO 7872 --- [main] o.s.s.web.DefaultSecurityFilterChain     : Creating filter chain: any request, [org.springframework.security.web.context.request.async.WebAsyncManagerIntegrationFilter@1d6a22dd, org.springframework.security.web.context.SecurityContextPersistenceFilter@5e34a84b, org.springframework.security.web.header.HeaderWriterFilter@1bf10539, org.springframework.web.filter.CorsFilter@67671db1, org.springframework.security.web.authentication.logout.LogoutFilter@510203de, com.example.demo.security.JWTAuthenticationFilter@6e6f5842, com.example.demo.security.JWTAuthenticationVerficationFilter@60b4c754, org.springframework.security.web.savedrequest.RequestCacheAwareFilter@7577589, org.springframework.security.web.servletapi.SecurityContextHolderAwareRequestFilter@468f2a6f, org.springframework.security.web.authentication.AnonymousAuthenticationFilter@2c846d55, org.springframework.security.web.session.SessionManagementFilter@141a10bf, org.springframework.security.web.access.ExceptionTranslationFilter@762f8ff6, org.springframework.security.web.access.intercept.FilterSecurityInterceptor@5e9cb95]
2023-12-11 21:25:36.291  INFO 7872 --- [main] o.s.s.concurrent.ThreadPoolTaskExecutor  : Initializing ExecutorService 'applicationTaskExecutor'
2023-12-11 21:25:36.427  INFO 7872 --- [main] o.s.b.w.embedded.tomcat.TomcatWebServer  : Tomcat started on port(s): 8080 (http) with context path ''
2023-12-11 21:25:36.438  INFO 7872 --- [main] com.example.demo.SareetaApplication      : Started SareetaApplication in 4.054 seconds (JVM running for 6.61)
